0 info it worked if it ends with ok
1 verbose cli [ 'node', '/usr/local/bin/npm', 'run', 'stylus' ]
2 info using npm@2.10.1
3 info using node@v0.12.4
4 verbose run-script [ 'prestylus', 'stylus', 'poststylus' ]
5 info prestylus omcossys@
6 info stylus omcossys@
7 verbose unsafe-perm in lifecycle true
8 info omcossys@ Failed to exec stylus script
9 verbose stack Error: omcossys@ stylus: `stylus -c -w -o ../public/ stylus/styles.styl`
9 verbose stack Exit status 1
9 verbose stack     at EventEmitter.<anonymous> (/usr/local/lib/node_modules/npm/lib/utils/lifecycle.js:213:16)
9 verbose stack     at EventEmitter.emit (events.js:110:17)
9 verbose stack     at ChildProcess.<anonymous> (/usr/local/lib/node_modules/npm/lib/utils/spawn.js:24:14)
9 verbose stack     at ChildProcess.emit (events.js:110:17)
9 verbose stack     at maybeClose (child_process.js:1015:16)
9 verbose stack     at Process.ChildProcess._handle.onexit (child_process.js:1087:5)
10 verbose pkgid omcossys@
11 verbose cwd /Users/elektrodx/Documents/Development/omcorsys/omcorsys/home/static/js
12 error Darwin 14.3.0
13 error argv "node" "/usr/local/bin/npm" "run" "stylus"
14 error node v0.12.4
15 error npm  v2.10.1
16 error code ELIFECYCLE
17 error omcossys@ stylus: `stylus -c -w -o ../public/ stylus/styles.styl`
17 error Exit status 1
18 error Failed at the omcossys@ stylus script 'stylus -c -w -o ../public/ stylus/styles.styl'.
18 error This is most likely a problem with the omcossys package,
18 error not with npm itself.
18 error Tell the author that this fails on your system:
18 error     stylus -c -w -o ../public/ stylus/styles.styl
18 error You can get their info via:
18 error     npm owner ls omcossys
18 error There is likely additional logging output above.
19 verbose exit [ 1, true ]
